2025-03-10 22:37:45,685 - Updated existing file with 7 new entries
2025-03-10 22:45:04,090 - Updated existing file with 7 new entries
2025-03-11 15:15:48,137 - Updated existing file with 12 new entries
2025-03-11 15:45:04,297 - Updated existing file with 12 new entries
2025-03-11 19:00:50,333 - Error scraping website: HTTPConnectionPool(host='openinsider.com', port=80): Max retries exceeded with url: /insider-purchases (Caused by NameResolutionError("<urllib3.connection.HTTPConnection object at 0x00000226E6E06AD0>: Failed to resolve 'openinsider.com' ([Errno 11001] getaddrinfo failed)"))
2025-03-11 19:15:10,601 - Updated existing file with 13 new entries
2025-03-11 19:45:04,520 - Updated existing file with 13 new entries
2025-03-11 20:52:44,367 - Updated existing file with 13 new entries
2025-03-11 21:16:04,624 - Updated existing file with 13 new entries
2025-03-11 22:45:04,732 - Updated existing file with 15 new entries
2025-03-11 23:15:04,091 - Updated existing file with 15 new entries
2025-03-11 23:45:03,691 - Updated existing file with 17 new entries
2025-03-12 00:15:04,410 - Updated existing file with 19 new entries
2025-03-12 00:45:04,687 - Updated existing file with 19 new entries
2025-03-12 12:15:46,418 - Updated existing file with 23 new entries
2025-03-12 12:45:05,176 - Updated existing file with 23 new entries
2025-03-12 14:15:08,664 - Updated existing file with 23 new entries
2025-03-12 14:45:03,697 - Updated existing file with 23 new entries
2025-03-12 15:15:03,672 - Updated existing file with 23 new entries
2025-03-12 15:45:05,363 - Updated existing file with 22 new entries
2025-03-12 16:47:37,174 - Error scraping website: HTTPConnectionPool(host='openinsider.com', port=80): Max retries exceeded with url: /insider-purchases (Caused by NameResolutionError("<urllib3.connection.HTTPConnection object at 0x00000296CC3FDFD0>: Failed to resolve 'openinsider.com' ([Errno 11001] getaddrinfo failed)"))
2025-03-13 14:15:34,169 - Updated existing file with 22 new entries
2025-03-13 15:16:37,329 - Updated existing file with 22 new entries
2025-03-13 15:19:06,889 - Updated existing file with 22 new entries
2025-03-13 15:45:03,925 - Updated existing file with 22 new entries
2025-03-13 19:15:03,733 - Updated existing file with 18 new entries
2025-03-13 21:45:03,130 - Error scraping website: HTTPConnectionPool(host='openinsider.com', port=80): Max retries exceeded with url: /insider-purchases (Caused by NameResolutionError("<urllib3.connection.HTTPConnection object at 0x000001F32650B350>: Failed to resolve 'openinsider.com' ([Errno 11001] getaddrinfo failed)"))
2025-03-13 22:15:49,538 - Updated existing file with 18 new entries
2025-03-13 22:45:03,687 - Updated existing file with 17 new entries
2025-03-13 23:15:03,757 - Updated existing file with 16 new entries
2025-03-13 23:45:40,853 - Updated existing file with 18 new entries
2025-03-14 00:15:04,471 - Updated existing file with 17 new entries
2025-03-14 10:45:10,035 - Updated existing file with 17 new entries
2025-03-14 14:45:05,058 - Updated existing file with 16 new entries
2025-03-14 15:15:03,682 - Updated existing file with 16 new entries
2025-03-14 15:45:04,060 - Updated existing file with 14 new entries
2025-03-14 16:15:03,766 - Updated existing file with 14 new entries
2025-03-15 13:17:23,848 - Updated existing file with 21 new entries
2025-03-15 14:45:51,058 - Updated existing file with 21 new entries
2025-03-15 15:15:04,461 - Updated existing file with 21 new entries
2025-03-15 15:45:08,000 - Updated existing file with 21 new entries
2025-03-15 16:15:03,607 - Updated existing file with 21 new entries
2025-03-15 16:45:04,538 - Updated existing file with 21 new entries
2025-03-15 17:15:03,857 - Updated existing file with 21 new entries
2025-03-16 12:25:52,938 - Error scraping website: HTTPConnectionPool(host='openinsider.com', port=80): Max retries exceeded with url: /insider-purchases (Caused by NameResolutionError("<urllib3.connection.HTTPConnection object at 0x0000019A7E6BF850>: Failed to resolve 'openinsider.com' ([Errno 11001] getaddrinfo failed)"))
2025-03-16 12:45:35,615 - Updated existing file with 21 new entries
2025-03-16 13:15:43,608 - Updated existing file with 21 new entries
2025-03-16 15:15:04,533 - Updated existing file with 21 new entries
2025-03-17 14:15:42,645 - Updated existing file with 21 new entries
2025-03-17 14:45:04,077 - Updated existing file with 20 new entries
2025-03-17 15:15:05,176 - Updated existing file with 19 new entries
2025-03-17 15:45:08,796 - Updated existing file with 19 new entries
2025-03-17 19:45:40,495 - Updated existing file with 13 new entries
2025-03-18 10:14:35,539 - Updated existing file with 15 new entries
2025-03-18 10:15:03,929 - Updated existing file with 15 new entries
2025-03-18 11:43:18,612 - Updated existing file with 15 new entries
2025-03-18 11:45:04,155 - Updated existing file with 15 new entries
2025-03-18 12:15:05,398 - Updated existing file with 15 new entries
2025-03-18 14:48:08,655 - Error scraping website: HTTPConnectionPool(host='openinsider.com', port=80): Max retries exceeded with url: /insider-purchases (Caused by NameResolutionError("<urllib3.connection.HTTPConnection object at 0x000002A624296B10>: Failed to resolve 'openinsider.com' ([Errno 11001] getaddrinfo failed)"))
2025-03-18 15:15:04,704 - Updated existing file with 14 new entries
2025-03-18 15:45:10,710 - Updated existing file with 14 new entries
2025-03-18 19:15:05,001 - Updated existing file with 12 new entries
2025-03-18 19:45:04,514 - Updated existing file with 12 new entries
2025-03-18 20:15:42,077 - Updated existing file with 12 new entries
2025-03-18 20:45:05,073 - Updated existing file with 12 new entries
2025-03-19 15:45:46,613 - Updated existing file with 14 new entries
2025-03-19 16:15:34,279 - Updated existing file with 14 new entries
2025-03-19 16:45:09,431 - Updated existing file with 14 new entries
2025-03-19 17:15:03,910 - Updated existing file with 14 new entries
2025-03-20 08:53:35,060 - Updated existing file with 19 new entries
2025-03-20 10:45:51,770 - Updated existing file with 19 new entries
2025-03-20 13:53:30,048 - Error scraping website: HTTPConnectionPool(host='openinsider.com', port=80): Max retries exceeded with url: /insider-purchases (Caused by NameResolutionError("<urllib3.connection.HTTPConnection object at 0x0000022E4E7B7850>: Failed to resolve 'openinsider.com' ([Errno 11001] getaddrinfo failed)"))
2025-03-20 14:15:06,020 - Updated existing file with 17 new entries
2025-03-20 14:45:04,239 - Updated existing file with 17 new entries
2025-03-20 15:15:03,870 - Updated existing file with 17 new entries
2025-03-20 15:57:45,735 - Updated existing file with 17 new entries
2025-03-20 17:59:11,391 - Updated existing file with 17 new entries
2025-03-20 22:04:52,596 - Error scraping website: HTTPConnectionPool(host='openinsider.com', port=80): Max retries exceeded with url: /insider-purchases (Caused by NameResolutionError("<urllib3.connection.HTTPConnection object at 0x000001E96A334CD0>: Failed to resolve 'openinsider.com' ([Errno 11001] getaddrinfo failed)"))
2025-03-20 22:05:01,956 - Error scraping website: HTTPConnectionPool(host='openinsider.com', port=80): Max retries exceeded with url: /insider-purchases (Caused by NameResolutionError("<urllib3.connection.HTTPConnection object at 0x000001B380084B50>: Failed to resolve 'openinsider.com' ([Errno 11001] getaddrinfo failed)"))
2025-03-20 22:07:42,951 - Updated existing file with 12 new entries
2025-03-20 22:15:03,322 - Updated existing file with 11 new entries
2025-03-20 22:45:48,420 - Updated existing file with 14 new entries
2025-03-20 23:15:03,721 - Updated existing file with 16 new entries
2025-03-20 23:45:33,511 - Updated existing file with 16 new entries
2025-03-21 00:15:03,401 - Updated existing file with 16 new entries
2025-03-21 00:45:03,597 - Updated existing file with 16 new entries
2025-03-21 15:15:47,210 - Updated existing file with 17 new entries
2025-03-21 16:15:04,230 - Updated existing file with 17 new entries
2025-03-21 16:45:04,692 - Updated existing file with 17 new entries
2025-03-21 17:15:04,716 - Updated existing file with 17 new entries
2025-03-21 17:45:04,295 - Updated existing file with 17 new entries
2025-03-21 18:15:04,173 - Updated existing file with 17 new entries
2025-03-21 20:15:32,310 - Updated existing file with 17 new entries
2025-03-21 21:45:06,175 - Updated existing file with 19 new entries
2025-03-21 22:15:04,242 - Updated existing file with 18 new entries
2025-03-21 22:45:05,098 - Updated existing file with 19 new entries
2025-03-22 12:15:37,112 - Updated existing file with 18 new entries
2025-03-22 12:45:03,951 - Updated existing file with 18 new entries
2025-03-22 18:34:14,227 - Updated existing file with 18 new entries
2025-03-22 18:45:03,933 - Updated existing file with 18 new entries
2025-03-22 19:15:04,158 - Updated existing file with 18 new entries
2025-03-22 19:45:04,033 - Updated existing file with 18 new entries
2025-03-23 11:34:32,181 - Updated existing file with 18 new entries
2025-03-23 13:13:40,497 - Updated existing file with 18 new entries
2025-03-23 13:15:04,856 - Updated existing file with 18 new entries
2025-03-23 13:45:37,236 - Updated existing file with 18 new entries
2025-03-23 14:50:37,860 - Updated existing file with 18 new entries
2025-03-23 15:15:03,971 - Updated existing file with 18 new entries
2025-03-23 15:45:03,464 - Updated existing file with 18 new entries
2025-03-23 16:15:04,669 - Updated existing file with 18 new entries
2025-03-23 17:15:04,072 - Updated existing file with 18 new entries
2025-03-23 17:45:05,365 - Updated existing file with 18 new entries
2025-03-23 18:15:04,021 - Updated existing file with 18 new entries
2025-03-23 18:45:03,962 - Updated existing file with 18 new entries
2025-03-23 19:15:04,022 - Updated existing file with 18 new entries
2025-03-24 11:45:41,338 - Updated existing file with 18 new entries
2025-03-24 12:15:05,036 - Updated existing file with 18 new entries
2025-03-24 14:23:54,350 - Updated existing file with 18 new entries
2025-03-24 14:45:04,247 - Updated existing file with 18 new entries
2025-03-24 15:15:04,239 - Updated existing file with 18 new entries
2025-03-24 15:45:35,687 - Updated existing file with 18 new entries
2025-03-24 16:15:04,069 - Updated existing file with 18 new entries
2025-03-24 17:15:06,670 - Updated existing file with 18 new entries
2025-03-24 18:39:48,354 - Updated existing file with 18 new entries
2025-03-24 20:02:28,062 - Error scraping website: HTTPConnectionPool(host='openinsider.com', port=80): Max retries exceeded with url: /insider-purchases (Caused by NameResolutionError("<urllib3.connection.HTTPConnection object at 0x00000222A1EF9990>: Failed to resolve 'openinsider.com' ([Errno 11001] getaddrinfo failed)"))
